<?xml version="1.0" encoding="UTF-8"?>
<!-- Generated by org.testng.reporters.JUnitReportReporter -->
<testsuite hostname="DESKTOP-BDCU2EV" failures="0" tests="3" name="Runner.CucumberRunnerTests" time="147.223" errors="0" timestamp="2023-03-24T10:40:54 IST" skipped="0">
  <testcase classname="Runner.CucumberRunnerTests" name="runScenario" time="44.189"/>
  <system-out/>
  <testcase classname="Runner.CucumberRunnerTests" name="runScenario" time="44.416"/>
  <system-out/>
  <testcase classname="Runner.CucumberRunnerTests" name="runScenario" time="58.618"/>
  <system-out/>
</testsuite> <!-- Runner.CucumberRunnerTests -->
